2025-12-08 15:32:18,190 [INFO] train:25 -> Loading data from data/rentals_raw_150k.csv
2025-12-08 15:32:19,164 [INFO] train:50 -> Applying Target Encoding for XGBoost...
2025-12-08 15:32:19,307 [INFO] train:55 -> Applying Hybrid Encoding for LightGBM...
2025-12-08 15:32:20,607 [INFO] train:84 -> Training XGBoost...
2025-12-08 15:32:23,349 [INFO] train:96 -> Training LightGBM...
2025-12-08 15:32:39,086 [INFO] train:25 -> Loading data from data/rentals_raw_150k.csv
2025-12-08 15:32:40,047 [INFO] train:50 -> Applying Target Encoding for XGBoost...
2025-12-08 15:32:40,190 [INFO] train:55 -> Applying Hybrid Encoding for LightGBM...
2025-12-08 15:32:41,623 [INFO] train:84 -> Training XGBoost...
2025-12-08 15:32:44,945 [INFO] train:96 -> Training LightGBM...
2025-12-08 15:37:13,523 [INFO] train:25 -> Loading data from data/rentals_raw_150k.csv
2025-12-08 15:37:14,504 [INFO] train:50 -> Applying Target Encoding for XGBoost...
2025-12-08 15:37:14,641 [INFO] train:55 -> Applying Hybrid Encoding for LightGBM...
2025-12-08 15:37:15,885 [INFO] train:84 -> Training XGBoost...
2025-12-08 15:37:18,398 [INFO] train:96 -> Training LightGBM...
2025-12-08 15:39:58,036 [INFO] train:25 -> Loading data from data/rentals_raw_150k.csv
2025-12-08 15:39:58,928 [INFO] train:50 -> Applying Target Encoding for XGBoost...
2025-12-08 15:39:59,052 [INFO] train:55 -> Applying Hybrid Encoding for LightGBM...
2025-12-08 15:40:00,261 [INFO] train:84 -> Training XGBoost...
2025-12-08 15:40:02,848 [INFO] train:96 -> Training LightGBM...
2025-12-08 15:43:07,084 [INFO] train:25 -> Loading data from data/rentals_raw_150k.csv
2025-12-08 15:43:08,091 [INFO] train:50 -> Applying Target Encoding for XGBoost...
2025-12-08 15:43:08,232 [INFO] train:55 -> Applying Hybrid Encoding for LightGBM...
2025-12-08 15:43:09,491 [INFO] train:84 -> Training XGBoost...
2025-12-08 15:43:11,864 [INFO] train:96 -> Training LightGBM...
2025-12-08 15:49:20,504 [INFO] train:25 -> Loading data from data/rentals_raw_150k.csv
2025-12-08 15:49:21,295 [INFO] train:50 -> Applying Target Encoding for XGBoost...
2025-12-08 15:49:21,413 [INFO] train:55 -> Applying Hybrid Encoding for LightGBM...
2025-12-08 15:49:22,590 [INFO] train:84 -> Training XGBoost...
2025-12-08 15:49:24,905 [INFO] train:96 -> Training LightGBM...
2025-12-08 15:50:34,950 [INFO] train:29 -> Loading data from data/rentals_raw_150k.csv
2025-12-08 15:50:35,754 [INFO] train:68 -> Applying Target Encoding for XGBoost...
2025-12-08 15:50:35,875 [INFO] train:73 -> Applying Hybrid Encoding for LightGBM...
2025-12-08 15:50:36,233 [INFO] train:122 -> Training XGBoost...
2025-12-08 15:50:38,359 [INFO] train:137 -> Training LightGBM...
2025-12-08 15:50:41,661 [INFO] train:149 -> Training CatBoost...
2025-12-08 15:51:25,184 [INFO] train:170 -> Ensemble MAE: 110.48
2025-12-08 15:51:25,255 [INFO] train:183 -> Training Completed Successfully!
2025-12-08 16:25:09,321 [INFO] train:29 -> Loading data from data/rentals_raw_150k.csv
2025-12-08 16:25:10,180 [INFO] train:68 -> Applying Target Encoding for XGBoost...
2025-12-08 16:25:10,296 [INFO] train:73 -> Applying Hybrid Encoding for LightGBM...
2025-12-08 16:25:10,689 [INFO] train:122 -> Training XGBoost...
2025-12-08 16:25:12,670 [INFO] train:137 -> Training LightGBM...
2025-12-08 16:25:16,148 [INFO] train:149 -> Training CatBoost...
2025-12-08 16:25:56,626 [INFO] train:170 -> Ensemble MAE: 110.48
2025-12-08 16:25:56,688 [INFO] train:183 -> Training Completed Successfully!
2025-12-08 16:26:43,270 [INFO] train:29 -> Loading data from data/rentals_raw_150k.csv
2025-12-08 16:26:44,034 [INFO] train:68 -> Applying Target Encoding for XGBoost...
2025-12-08 16:26:44,148 [INFO] train:73 -> Applying Hybrid Encoding for LightGBM...
2025-12-08 16:26:44,461 [INFO] train:122 -> Training XGBoost...
2025-12-08 16:26:46,400 [INFO] train:137 -> Training LightGBM...
2025-12-08 16:26:49,636 [INFO] train:149 -> Training CatBoost...
2025-12-08 16:27:29,875 [INFO] train:170 -> Ensemble MAE: 110.48
2025-12-08 16:27:29,935 [INFO] train:183 -> Training Completed Successfully!
2025-12-08 16:35:35,061 [INFO] train:29 -> Loading data from data/rentals_raw_150k.csv
2025-12-08 16:35:35,918 [INFO] train:68 -> Applying Target Encoding for XGBoost...
2025-12-08 16:35:36,046 [INFO] train:73 -> Applying Hybrid Encoding for LightGBM...
2025-12-08 16:35:36,452 [INFO] train:126 -> Training XGBoost...
2025-12-08 16:35:38,534 [INFO] train:141 -> Training LightGBM...
2025-12-08 16:35:42,240 [INFO] train:153 -> Training CatBoost...
2025-12-08 16:36:23,308 [INFO] train:174 -> Ensemble MAE: 110.48
2025-12-08 16:36:23,367 [INFO] train:187 -> Training Completed Successfully!
2025-12-08 16:43:21,841 [INFO] train:29 -> Loading data from data/rentals_raw_150k.csv
2025-12-08 16:43:22,658 [INFO] train:68 -> Applying Target Encoding for XGBoost...
2025-12-08 16:43:22,774 [INFO] train:73 -> Applying Hybrid Encoding for LightGBM...
2025-12-08 16:43:23,142 [INFO] train:126 -> Training XGBoost...
2025-12-08 16:43:25,148 [INFO] train:141 -> Training LightGBM...
2025-12-08 16:43:28,603 [INFO] train:153 -> Training CatBoost...
2025-12-08 16:44:09,370 [INFO] train:174 -> Ensemble MAE: 110.48
2025-12-08 16:44:09,420 [INFO] train:187 -> Training Completed Successfully!
2025-12-08 16:46:54,788 [INFO] train:29 -> Loading data from data/rentals_raw_150k.csv
2025-12-08 16:46:55,557 [INFO] train:68 -> Applying Target Encoding for XGBoost...
2025-12-08 16:46:55,674 [INFO] train:73 -> Applying Hybrid Encoding for LightGBM...
2025-12-08 16:46:55,991 [INFO] train:126 -> Training XGBoost...
2025-12-08 16:46:57,946 [INFO] train:141 -> Training LightGBM...
2025-12-08 16:47:01,355 [INFO] train:153 -> Training CatBoost...
2025-12-08 16:47:42,548 [INFO] train:174 -> Ensemble MAE: 110.48
2025-12-08 16:47:42,609 [INFO] train:187 -> Training Completed Successfully!
2025-12-08 16:52:15,807 [INFO] train:29 -> Loading data from data/rentals_raw_150k.csv
2025-12-08 16:52:16,620 [INFO] train:67 -> Applying Target Encoding for XGBoost...
2025-12-08 16:52:16,760 [INFO] train:72 -> Applying Hybrid Encoding for LightGBM...
2025-12-08 16:52:17,154 [INFO] train:116 -> Training XGBoost...
2025-12-08 16:52:19,139 [INFO] train:131 -> Training LightGBM...
2025-12-08 16:52:22,590 [INFO] train:151 -> Training CatBoost...
2025-12-08 16:53:03,616 [INFO] train:172 -> Ensemble MAE: 110.48
2025-12-08 16:53:03,671 [INFO] train:183 -> Training Completed Successfully!
2025-12-08 19:39:33,175 [WARNING] weather:15 -> Weather API failed: 401
2025-12-08 19:39:47,239 [WARNING] weather:15 -> Weather API failed: 401
2025-12-08 19:50:57,504 [INFO] train:29 -> Loading data from data/rentals_raw_150k.csv
2025-12-08 19:50:58,432 [INFO] train:67 -> Applying Target Encoding for XGBoost...
2025-12-08 19:50:58,615 [INFO] train:72 -> Applying Hybrid Encoding for LightGBM...
2025-12-08 19:50:59,052 [INFO] train:116 -> Training XGBoost...
2025-12-08 19:51:00,814 [INFO] train:131 -> Training LightGBM...
2025-12-08 19:51:04,993 [INFO] train:151 -> Training CatBoost...
2025-12-08 19:51:46,741 [INFO] train:172 -> Ensemble MAE: 110.48
2025-12-08 19:51:46,815 [INFO] train:183 -> Training Completed Successfully!
2025-12-08 20:47:54,589 [INFO] train: Loading data from data/rentals_raw_150k.csv
2025-12-08 20:47:54,655 [INFO] train: Applying Target Encoding for XGBoost...
2025-12-08 20:49:46,596 [INFO] train: Loading data from data/rentals_raw_150k.csv
2025-12-08 20:49:46,625 [INFO] train: Applying Target Encoding for XGBoost...
2025-12-08 20:49:46,633 [INFO] train: Applying Hybrid Encoding for LightGBM...
2025-12-08 20:49:46,645 [INFO] train: Training XGBoost...
2025-12-08 20:49:46,744 [INFO] train: Training LightGBM...
2025-12-08 20:49:48,907 [INFO] train: Training CatBoost...
2025-12-08 20:56:52,261 [INFO] train: Loading data from data/rentals_raw_150k.csv
2025-12-08 20:56:52,309 [INFO] train: Applying Target Encoding for XGBoost...
2025-12-08 20:56:52,317 [INFO] train: Applying Hybrid Encoding for LightGBM...
2025-12-08 20:56:52,330 [INFO] train: Training XGBoost...
2025-12-08 20:56:52,428 [INFO] train: Training LightGBM...
2025-12-08 20:56:54,642 [INFO] train: Training CatBoost...
2025-12-08 20:56:55,190 [INFO] train: Ensemble MAE: 219.46
2025-12-08 20:56:55,211 [INFO] train: Training Completed Successfully!
2025-12-08 21:37:23,630 [INFO] train: Loading data from data\rentals_raw_150k.csv
2025-12-08 21:37:23,666 [INFO] train: Applying Target Encoding for XGBoost...
2025-12-08 21:37:23,681 [INFO] train: Applying Hybrid Encoding for LightGBM...
2025-12-08 21:37:23,701 [INFO] train: Training XGBoost...
2025-12-08 21:37:23,808 [INFO] train: Training LightGBM...
2025-12-08 21:37:25,841 [INFO] train: Training CatBoost...
2025-12-08 21:37:26,324 [INFO] train: Ensemble MAE: 252.96
2025-12-08 21:37:26,346 [INFO] train: Training completed and models saved.
2025-12-08 21:42:42,209 [INFO] train: Loading dataset from data/rentals_weekly_dataset.csv
2025-12-08 21:44:26,435 [INFO] train: Applying Target Encoding for XGBoost...
2025-12-08 21:44:26,440 [INFO] train: Applying Hybrid Encoding for LightGBM...
2025-12-08 21:44:26,458 [INFO] train: Training XGBoost...
2025-12-08 21:44:26,512 [INFO] train: Training LightGBM...
2025-12-08 21:44:28,215 [INFO] train: Training CatBoost...
2025-12-08 21:44:28,640 [INFO] train: Ensemble MAE: 252.96
2025-12-08 21:44:28,658 [INFO] train: Training completed and models saved successfully.
2025-12-08 21:46:58,156 [INFO] train: Loading dataset from data\rentals_weekly_dataset.csv
2025-12-08 22:02:18,259 [INFO] train: Weekly dataset missing -> using raw dataset: data\rentals_raw_150k (1).csv
2025-12-08 22:18:11,656 [INFO] train: Weekly dataset missing -> using raw dataset: data\rentals_raw_150k (1).csv
2025-12-08 22:18:48,252 [INFO] train: Ensemble MAE: 9.01
2025-12-08 22:18:48,282 [INFO] train: Training completed and models saved successfully.
2025-12-08 22:27:24,880 [INFO] train: Weekly dataset missing -> using raw dataset: data\rentals_raw_150k (1).csv
2025-12-08 22:28:04,118 [INFO] train: Ensemble MAE: 9.01
2025-12-08 22:28:04,153 [INFO] train: Training completed and models saved successfully.
2025-12-08 22:31:25,531 [INFO] train: Weekly dataset missing -> using raw dataset: data\rentals_raw_150k (1).csv
2025-12-08 22:43:03,294 [INFO] train: Weekly dataset missing -> using raw dataset: data\rentals_raw_150k (1).csv
2025-12-08 22:47:22,932 [INFO] train: Weekly dataset missing -> using raw dataset: data\rentals_raw_150k (1).csv
2025-12-08 22:48:12,492 [INFO] train: Weekly dataset missing -> using raw dataset: data\rentals_raw_150k (1).csv
2025-12-08 22:58:21,744 [INFO] train: Weekly dataset missing -> using raw dataset: data\rentals_raw_150k (1).csv
2025-12-08 23:06:22,465 [INFO] train: Weekly dataset missing -> using raw dataset: data\rentals_raw_150k (1).csv
2025-12-09 00:05:54,896 [WARNING] api: Diesel API failed: HTTPSConnectionPool(host='dailyfuelpriceindia.com', port=443): Max retries exceeded with url: /api/todayDieselPrice (Caused by NameResolutionError("HTTPSConnection(host='dailyfuelpriceindia.com', port=443): Failed to resolve 'dailyfuelpriceindia.com' ([Errno 11001] getaddrinfo failed)"))
2025-12-09 00:16:12,228 [WARNING] api: Diesel API failed: HTTPSConnectionPool(host='dailyfuelpriceindia.com', port=443): Max retries exceeded with url: /api/todayDieselPrice (Caused by NameResolutionError("HTTPSConnection(host='dailyfuelpriceindia.com', port=443): Failed to resolve 'dailyfuelpriceindia.com' ([Errno 11001] getaddrinfo failed)"))
2025-12-10 18:23:22,437 [WARNING] api: Diesel API failed: HTTPSConnectionPool(host='dailyfuelpriceindia.com', port=443): Max retries exceeded with url: /api/todayDieselPrice (Caused by NameResolutionError("<urllib3.connection.HTTPSConnection object at 0x0000018C8FA38910>: Failed to resolve 'dailyfuelpriceindia.com' ([Errno 11001] getaddrinfo failed)"))
2025-12-10 18:44:21,171 [WARNING] api: Diesel API failed: HTTPSConnectionPool(host='dailyfuelpriceindia.com', port=443): Max retries exceeded with url: /api/todayDieselPrice (Caused by NameResolutionError("<urllib3.connection.HTTPSConnection object at 0x0000018C8FA98550>: Failed to resolve 'dailyfuelpriceindia.com' ([Errno 11001] getaddrinfo failed)"))
2025-12-11 09:35:48,534 [WARNING] api: Diesel API failed: HTTPSConnectionPool(host='dailyfuelpriceindia.com', port=443): Max retries exceeded with url: /api/todayDieselPrice (Caused by NameResolutionError("<urllib3.connection.HTTPSConnection object at 0x00000213855B42D0>: Failed to resolve 'dailyfuelpriceindia.com' ([Errno 11001] getaddrinfo failed)"))
2025-12-11 09:48:43,780 [INFO] train: Weekly dataset missing -> using raw dataset: data\rentals_raw_150k (1).csv
2025-12-11 09:50:23,257 [INFO] train: Weekly dataset missing -> using raw dataset: data\rentals_raw_150k (1).csv
2025-12-11 15:17:46,180 [WARNING] weather: Weather API error: HTTPSConnectionPool(host='api.openweathermap.org', port=443): Max retries exceeded with url: /data/2.5/weather?lat=11.580128571428572&lon=78.4724&appid=167d3e864a478dd049344cd10f6a54f9&units=metric (Caused by NameResolutionError("<urllib3.connection.HTTPSConnection object at 0x000001D774BCC590>: Failed to resolve 'api.openweathermap.org' ([Errno 11001] getaddrinfo failed)"))
2025-12-11 15:22:23,124 [WARNING] api: Diesel API failed: HTTPSConnectionPool(host='dailyfuelpriceindia.com', port=443): Max retries exceeded with url: /api/todayDieselPrice (Caused by NameResolutionError("<urllib3.connection.HTTPSConnection object at 0x000001D774BF47D0>: Failed to resolve 'dailyfuelpriceindia.com' ([Errno 11001] getaddrinfo failed)"))
2025-12-30 10:17:16,068 [INFO] train: Weekly dataset missing -> using raw dataset: data\rentals_raw_150k (1).csv
